app/build/outputs/mapping/release/mapping.txt
# compiler: R8
# compiler_version: 2.1.86
# min_api: 19
# pg_map_id: d23b46c
# common_typos_disable
com.nexpenda.app.twa.LauncherActivity -> com.nexpenda.app.twa.LauncherActivity:
    android.net.Uri getLaunchingUrl() -> f
...
androidx.core.graphics.drawable.WrappedDrawableState -> androidx.core.graphics.drawable.e:
    android.graphics.drawable.Drawable$ConstantState mDrawableState -> b
    android.content.res.ColorStateList mTint -> c
    android.graphics.PorterDuff$Mode mTintMode -> d
    int mChangingConfigurations -> a
    boolean canConstantState() -> a
androidx.versionedparcelable.ParcelImpl -> androidx.versionedparcelable.ParcelImpl:
    androidx.versionedparcelable.VersionedParcelable mParcel -> a
androidx.versionedparcelable.ParcelImpl$1 -> androidx.versionedparcelable.ParcelImpl$a:
    androidx.versionedparcelable.ParcelImpl createFromParcel(android.os.Parcel) -> a
    androidx.versionedparcelable.ParcelImpl[] newArray(int) -> b
androidx.versionedparcelable.VersionedParcel -> androidx.versionedparcelable.a:
    androidx.collection.ArrayMap mParcelizerCache -> c
    androidx.collection.ArrayMap mReadCache -> a
    androidx.collection.ArrayMap mWriteCache -> b
    void writeByteArray(byte[]) -> A
    void writeByteArray(byte[],int) -> B
    void writeCharSequence(java.lang.CharSequence) -> C
    void writeCharSequence(java.lang.CharSequence,int) -> D
    void writeInt(int) -> E
    void writeInt(int,int) -> F
    void writeParcelable(android.os.Parcelable) -> G
    void writeParcelable(android.os.Parcelable,int) -> H
    void writeString(java.lang.String) -> I
    void writeString(java.lang.String,int) -> J
    void writeToParcel(androidx.versionedparcelable.VersionedParcelable,androidx.versionedparcelable.VersionedParcel) -> K
    void writeVersionedParcelable(androidx.versionedparcelable.VersionedParcelable) -> L
    void writeVersionedParcelable(androidx.versionedparcelable.VersionedParcelable,int) -> M
    void writeVersionedParcelableCreator(androidx.versionedparcelable.VersionedParcelable) -> N
    void closeField() -> a
    androidx.versionedparcelable.VersionedParcel createSubParcel() -> b
    java.lang.Class findParcelClass(java.lang.Class) -> c
    java.lang.reflect.Method getReadMethod(java.lang.String) -> d
    java.lang.reflect.Method getWriteMethod(java.lang.Class) -> e
    boolean isStream() -> f
    boolean readBoolean() -> g
    boolean readBoolean(boolean,int) -> h
androidx.versionedparcelable.VersionedParcelParcel -> androidx.versionedparcelable.b:
    android.util.SparseIntArray mPositionLookup -> d
    java.lang.String mPrefix -> h
    int mNextRead -> j
    android.os.Parcel mParcel -> e
    int mFieldId -> k
    int mCurrentField -> i
    int mOffset -> f
    int mEnd -> g
    void writeByteArray(byte[]) -> A
    void writeCharSequence(java.lang.CharSequence) -> C
    void writeInt(int) -> E
    void writeParcelable(android.os.Parcelable) -> G
    void writeString(java.lang.String) -> I
    void closeField() -> a
    androidx.versionedparcelable.VersionedParcel createSubParcel() -> b
    boolean readBoolean() -> g
    byte[] readByteArray() -> i
    java.lang.CharSequence readCharSequence() -> k
    boolean readField(int) -> m
    int readInt() -> o
    android.os.Parcelable readParcelable() -> q
    java.lang.String readString() -> s
    void setOutputField(int) -> w
    void writeBoolean(boolean) -> y
androidx.versionedparcelable.VersionedParcelable -> androidx.versionedparcelable.c:
com.google.androidbrowserhelper.R$drawable -> c.a.a.a:
    int ic_site_settings -> a
com.google.androidbrowserhelper.R$string -> c.a.a.b:
    int manage_space_not_supported_toast -> b
    int manage_space_no_data_toast -> a
com.google.androidbrowserhelper.trusted.-$$Lambda$LauncherActivity$K443AaSgHDsKB62OgS7KQKQV8M0 -> com.google.androidbrowserhelper.trusted.a:
    com.google.androidbrowserhelper.trusted.LauncherActivity f$0 -> a
com.google.androidbrowserhelper.trusted.-$$Lambda$QualityEnforcer$1Uex4HkWhD5ewzyYU6lCrL7BOEs -> com.google.androidbrowserhelper.trusted.b:
    java.lang.String f$0 -> a