app/build/outputs/mapping/release/usage.txt
com.nexpenda.app.twa.R$layout
com.nexpenda.app.twa.R$attr
com.nexpenda.app.twa.R$drawable
com.nexpenda.app.twa.R$string
com.nexpenda.app.twa.R$style
com.nexpenda.app.twa.R$xml
com.nexpenda.app.twa.R$raw
com.nexpenda.app.twa.BuildConfig
com.nexpenda.app.twa.R$dimen
com.nexpenda.app.twa.R
com.nexpenda.app.twa.R$integer
com.nexpenda.app.twa.R$id
com.nexpenda.app.twa.R$mipmap
com.nexpenda.app.twa.R$bool
com.nexpenda.app.twa.R$styleable
com.nexpenda.app.twa.R$color
...
androidx.core.internal.view.SupportMenuItem
androidx.core.provider.FontsContractCompat$4$9
androidx.interpolator.view.animation.FastOutLinearInInterpolator
androidx.core.view.MenuItemCompat$OnActionExpandListener
androidx.annotation.AnyRes
android.support.v4.app.INotificationSideChannel$Stub
androidx.core.app.JobIntentService$JobServiceEngineImpl
androidx.lifecycle.LifecycleRegistry$ObserverWithState
android.support.customtabs.ICustomTabsService$Stub$Proxy:
    public java.lang.String getInterfaceDescriptor()
    public boolean mayLaunchUrl(android.support.customtabs.ICustomTabsCallback,android.net.Uri,android.os.Bundle,java.util.List)
    public android.os.Bundle extraCommand(java.lang.String,android.os.Bundle)
    public boolean updateVisuals(android.support.customtabs.ICustomTabsCallback,android.os.Bundle)
    public boolean requestPostMessageChannel(android.support.customtabs.ICustomTabsCallback,android.net.Uri)
    public boolean requestPostMessageChannelWithExtras(android.support.customtabs.ICustomTabsCallback,android.net.Uri,android.os.Bundle)
    public int postMessage(android.support.customtabs.ICustomTabsCallback,java.lang.String,android.os.Bundle)
androidx.core.app.BundleCompat:
    private void <init>()
    public static android.os.IBinder getBinder(android.os.Bundle,java.lang.String)
androidx.core.graphics.drawable.TintAwareDrawable:
    public abstract void setTint(int)
    public abstract void setTintList(android.content.res.ColorStateList)
    public abstract void setTintMode(android.graphics.PorterDuff$Mode)
androidx.annotation.AnimRes
androidx.annotation.XmlRes
androidx.core.app.NavUtils
androidx.core.graphics.ColorUtils
androidx.core.graphics.TypefaceCompatBaseImpl
androidx.core.view.ViewCompat$NestedScrollType
androidx.core.view.DragStartHelper
androidx.lifecycle.Lifecycle$State
androidx.core.content.res.ResourcesCompat
com.google.androidbrowserhelper.trusted.Utils:
    public void <init>()
com.google.androidbrowserhelper.R$id
androidx.annotation.IntDef
androidx.core.os.CancellationSignal$OnCancelListener
androidx.browser.R$string
androidx.versionedparcelable.VersionedParcel:
    private void writeCollection(java.util.Collection,int)
    private void writeCollection(java.util.Collection)
    private int getType(java.lang.Object)
    private void writeSerializable(java.io.Serializable)
    private int readExceptionCode()
    private java.lang.Exception readException(int,java.lang.String)
    protected static java.lang.Throwable getRootCause(java.lang.Throwable)
    private java.lang.Exception createException(int,java.lang.String)
    private java.util.Collection readCollection(java.util.Collection)
    protected abstract void writeByteArray(byte[],int,int)
    protected abstract void writeLong(long)
    protected abstract void writeFloat(float)
    protected abstract void writeDouble(double)
    protected abstract void writeStrongBinder(android.os.IBinder)
    protected abstract void writeStrongInterface(android.os.IInterface)
    protected abstract void writeBundle(android.os.Bundle)
    protected abstract long readLong()
    protected abstract float readFloat()
    protected abstract double readDouble()
    protected abstract android.os.IBinder readStrongBinder()
    protected abstract android.os.Bundle readBundle()
    public void writeStrongInterface(android.os.IInterface,int)
    public void writeBundle(android.os.Bundle,int)
    public void writeByteArray(byte[],int,int,int)
    public void writeLong(long,int)
    public void writeFloat(float,int)
    public void writeDouble(double,int)
androidx.core.provider.FontsContractCompat$3
androidx.core.view.ViewCompat$3
androidx.core.view.KeyEventDispatcher
androidx.core.net.DatagramSocketWrapper$DatagramSocketImplWrapper
androidx.core.text.TextDirectionHeuristicCompat
androidx.core.graphics.PathSegment
androidx.core.view.NestedScrollingChild3
androidx.core.app.SharedElementCallback
androidx.core.graphics.drawable.IconCompat$IconType